<?xml version="1.0" encoding="UTF-8"?>
<!-- Generated by org.testng.reporters.JUnitReportReporter -->
<testsuite hostname="DESKTOP-8HHAUQH" failures="1" tests="6" name="InterviewQuestions.HandlingCheckBoxandDropDown" time="14.885" errors="0" timestamp="23 Jul 2019 16:17:14 GMT">
  <testcase classname="InterviewQuestions.HandlingCheckBoxandDropDown" name="FramesHandling" time="5.605">
    <failure message="no such element: Unable to locate element: {&quot;method&quot;:&quot;xpath&quot;,&quot;selector&quot;:&quot;//div[@class=&#039;sumome-react-wysiwyg-popup-animation-group&#039;]						//div[@class=&#039;sumome-react-wysiwyg-popup-container sumome-react-wysiwyg-popup sumome-react-wysiwyg-is-resizing&#039;]                      //descendant::div[@class=&#039;sumome-react-wysiwyg-component sumome-react-wysiwyg-popup-button sumome-react-wysiwyg-button&#039;]&quot;}
  (Session info: chrome=75.0.3770.142)
For documentation on this error, please visit: https://www.seleniumhq.org/exceptions/no_such_element.html
Build info: version: &#039;3.141.59&#039;, revision: &#039;e82be7d358&#039;, time: &#039;2018-11-14T08:25:48&#039;
System info: host: &#039;DESKTOP-8HHAUQH&#039;, ip: &#039;192.168.0.6&#039;, os.name: &#039;Windows 10&#039;, os.arch: &#039;amd64&#039;, os.version: &#039;10.0&#039;, java.version: &#039;11.0.2&#039;
Driver info: org.openqa.selenium.chrome.ChromeDriver
Capabilities {acceptInsecureCerts: false, browserName: chrome, browserVersion: 75.0.3770.142, chrome: {chromedriverVersion: 75.0.3770.8 (681f24ea911fe7..., userDataDir: C:\Users\Jayanth\AppData\Lo...}, goog:chromeOptions: {debuggerAddress: localhost:59839}, javascriptEnabled: true, networkConnectionEnabled: false, pageLoadStrategy: normal, platform: XP, platformName: XP, proxy: Proxy(), setWindowRect: true, strictFileInteractability: false, timeouts: {implicit: 0, pageLoad: 300000, script: 30000}, unhandledPromptBehavior: dismiss and notify}
Session ID: be2768566a08a117b331635303b0a536
*** Element info: {Using=xpath, value=//div[@class=&#039;sumome-react-wysiwyg-popup-animation-group&#039;]						//div[@class=&#039;sumome-react-wysiwyg-popup-container sumome-react-wysiwyg-popup sumome-react-wysiwyg-is-resizing&#039;]                      //descendant::div[@class=&#039;sumome-react-wysiwyg-component sumome-react-wysiwyg-popup-button sumome-react-wysiwyg-button&#039;]}" type="org.openqa.selenium.NoSuchElementException">
      <![CDATA[org.openqa.selenium.NoSuchElementException: no such element: Unable to locate element: {"method":"xpath","selector":"//div[@class='sumome-react-wysiwyg-popup-animation-group']						//div[@class='sumome-react-wysiwyg-popup-container sumome-react-wysiwyg-popup sumome-react-wysiwyg-is-resizing']                      //descendant::div[@class='sumome-react-wysiwyg-component sumome-react-wysiwyg-popup-button sumome-react-wysiwyg-button']"}
  (Session info: chrome=75.0.3770.142)
For documentation on this error, please visit: https://www.seleniumhq.org/exceptions/no_such_element.html
Build info: version: '3.141.59', revision: 'e82be7d358', time: '2018-11-14T08:25:48'
System info: host: 'DESKTOP-8HHAUQH', ip: '192.168.0.6', os.name: 'Windows 10', os.arch: 'amd64', os.version: '10.0', java.version: '11.0.2'
Driver info: org.openqa.selenium.chrome.ChromeDriver
Capabilities {acceptInsecureCerts: false, browserName: chrome, browserVersion: 75.0.3770.142, chrome: {chromedriverVersion: 75.0.3770.8 (681f24ea911fe7..., userDataDir: C:\Users\Jayanth\AppData\Lo...}, goog:chromeOptions: {debuggerAddress: localhost:59839}, javascriptEnabled: true, networkConnectionEnabled: false, pageLoadStrategy: normal, platform: XP, platformName: XP, proxy: Proxy(), setWindowRect: true, strictFileInteractability: false, timeouts: {implicit: 0, pageLoad: 300000, script: 30000}, unhandledPromptBehavior: dismiss and notify}
Session ID: be2768566a08a117b331635303b0a536
*** Element info: {Using=xpath, value=//div[@class='sumome-react-wysiwyg-popup-animation-group']						//div[@class='sumome-react-wysiwyg-popup-container sumome-react-wysiwyg-popup sumome-react-wysiwyg-is-resizing']                      //descendant::div[@class='sumome-react-wysiwyg-component sumome-react-wysiwyg-popup-button sumome-react-wysiwyg-button']}
	at java.base/jdk.internal.reflect.NativeConstructorAccessorImpl.newInstance0(Native Method)
	at java.base/jdk.internal.reflect.NativeConstructorAccessorImpl.newInstance(NativeConstructorAccessorImpl.java:62)
	at java.base/jdk.internal.reflect.DelegatingConstructorAccessorImpl.newInstance(DelegatingConstructorAccessorImpl.java:45)
	at java.base/java.lang.reflect.Constructor.newInstance(Constructor.java:490)
	at org.openqa.selenium.remote.http.W3CHttpResponseCodec.createException(W3CHttpResponseCodec.java:187)
	at org.openqa.selenium.remote.http.W3CHttpResponseCodec.decode(W3CHttpResponseCodec.java:122)
	at org.openqa.selenium.remote.http.W3CHttpResponseCodec.decode(W3CHttpResponseCodec.java:49)
	at org.openqa.selenium.remote.HttpCommandExecutor.execute(HttpCommandExecutor.java:158)
	at org.openqa.selenium.remote.service.DriverCommandExecutor.execute(DriverCommandExecutor.java:83)
	at org.openqa.selenium.remote.RemoteWebDriver.execute(RemoteWebDriver.java:552)
	at org.openqa.selenium.remote.RemoteWebDriver.findElement(RemoteWebDriver.java:323)
	at org.openqa.selenium.remote.RemoteWebDriver.findElementByXPath(RemoteWebDriver.java:428)
	at org.openqa.selenium.By$ByXPath.findElement(By.java:353)
	at org.openqa.selenium.remote.RemoteWebDriver.findElement(RemoteWebDriver.java:315)
	at InterviewQuestions.HandlingCheckBoxandDropDown.FramesHandling(HandlingCheckBoxandDropDown.java:62)
	at java.base/jdk.internal.reflect.NativeMethodAccessorImpl.invoke0(Native Method)
	at java.base/jdk.internal.reflect.NativeMethodAccessorImpl.invoke(NativeMethodAccessorImpl.java:62)
	at java.base/jdk.internal.reflect.DelegatingMethodAccessorImpl.invoke(DelegatingMethodAccessorImpl.java:43)
	at java.base/java.lang.reflect.Method.invoke(Method.java:566)
	at org.testng.internal.MethodInvocationHelper.invokeMethod(MethodInvocationHelper.java:80)
	at org.testng.internal.Invoker.invokeMethod(Invoker.java:715)
	at org.testng.internal.Invoker.invokeTestMethod(Invoker.java:907)
	at org.testng.internal.Invoker.invokeTestMethods(Invoker.java:1237)
	at org.testng.internal.TestMethodWorker.invokeTestMethods(TestMethodWorker.java:127)
	at org.testng.internal.TestMethodWorker.run(TestMethodWorker.java:111)
	at org.testng.TestRunner.privateRun(TestRunner.java:767)
	at org.testng.TestRunner.run(TestRunner.java:617)
	at org.testng.SuiteRunner.runTest(SuiteRunner.java:334)
	at org.testng.SuiteRunner.runSequentially(SuiteRunner.java:329)
	at org.testng.SuiteRunner.privateRun(SuiteRunner.java:291)
	at org.testng.SuiteRunner.run(SuiteRunner.java:240)
	at org.testng.SuiteRunnerWorker.runSuite(SuiteRunnerWorker.java:51)
	at org.testng.SuiteRunnerWorker.run(SuiteRunnerWorker.java:85)
	at org.testng.TestNG.runSuitesSequentially(TestNG.java:1197)
	at org.testng.TestNG.runSuitesLocally(TestNG.java:1122)
	at org.testng.TestNG.run(TestNG.java:1030)
	at org.testng.remote.AbstractRemoteTestNG.run(AbstractRemoteTestNG.java:115)
	at org.testng.remote.RemoteTestNG.initAndRun(RemoteTestNG.java:251)
	at org.testng.remote.RemoteTestNG.main(RemoteTestNG.java:77)
]]>
    </failure>
  </testcase> <!-- FramesHandling -->
  <testcase classname="InterviewQuestions.HandlingCheckBoxandDropDown" name="WindowHandling" time="5.400"/>
  <testcase classname="InterviewQuestions.HandlingCheckBoxandDropDown" name="DropDownHandling" time="0.467"/>
  <testcase classname="InterviewQuestions.HandlingCheckBoxandDropDown" name="TextBoxHandling" time="0.680"/>
  <testcase classname="InterviewQuestions.HandlingCheckBoxandDropDown" name="CheckBoxHandling" time="0.307"/>
  <testcase classname="InterviewQuestions.HandlingCheckBoxandDropDown" name="AlertBoxHandling" time="2.426"/>
</testsuite> <!-- InterviewQuestions.HandlingCheckBoxandDropDown -->
